// 重构日志: bd2b3c91
// 重构日志: cff2b49c
// 重构日志: ca2f8403
// 重构日志: a63cd4c6
// 重构日志: 55b8480f
// 重构日志: ca7a037c
// 重构日志: 5bc41554
// 同步 ID: 5fe598a3 @ Sun Jul 12 01:28:48 UTC 2026
// 重构日志: 8f644623
// 同步 ID: 773e787d @ Sun Jul 12 14:43:10 UTC 2026
// 重构日志: 8419ef62
// 重构日志: e774c261
// 重构日志: 126f2df4
// 同步 ID: 232f2e52 @ Mon Jul 13 15:42:05 UTC 2026
// 重构日志: 3b9e243f
// 重构日志: 18e466d8
// 重构日志: 99283d99
// 同步 ID: afc4dd75 @ Wed Jul 15 05:23:28 UTC 2026
// 重构日志: 876543c3
// 同步 ID: 0df763d5 @ Wed Jul 15 15:46:46 UTC 2026
// 同步 ID: c557fa4f @ Thu Jul 16 00:25:10 UTC 2026
// 同步 ID: 33033b32 @ Sat Jul 18 14:37:57 UTC 2026
// 同步 ID: 72231b46 @ Sat Jul 18 16:50:23 UTC 2026
// 重构日志: 6b730f41
// 重构日志: 027b37fc
// 同步 ID: 32e3ffdc @ Sun Jul 19 08:30:22 UTC 2026
// 重构日志: 37e8e1d0
// 同步 ID: 92a3d92d @ Tue Jul 21 00:06:13 UTC 2026
// 重构日志: 3ae2584c
// 同步 ID: f29b0104 @ Tue Jul 21 12:57:53 UTC 2026
